2020-06-12 09:47:48.104  INFO 14300 --- [restartedMain] com.spring.register.RegisterApplication  : Starting RegisterApplication on DESKTOP-9A82CKN with PID 14300 (E:\GIT\register\target\classes started by MH in E:\GIT\register)
2020-06-12 09:47:48.150  INFO 14300 --- [restartedMain] com.spring.register.RegisterApplication  : No active profile set, falling back to default profiles: default
2020-06-12 09:47:48.354  INFO 14300 --- [restartedMain] .e.DevToolsPropertyDefaultsPostProcessor : Devtools property defaults active! Set 'spring.devtools.add-properties' to 'false' to disable
2020-06-12 09:47:48.354  INFO 14300 --- [restartedMain] .e.DevToolsPropertyDefaultsPostProcessor : For additional web related logging consider setting the 'logging.level.web' property to 'DEBUG'
2020-06-12 09:47:52.842  INFO 14300 --- [restartedMain] o.s.b.w.embedded.tomcat.TomcatWebServer  : Tomcat initialized with port(s): 8080 (http)
2020-06-12 09:47:52.857  INFO 14300 --- [restartedMain] o.apache.catalina.core.StandardService   : Starting service [Tomcat]
2020-06-12 09:47:52.857  INFO 14300 --- [restartedMain] org.apache.catalina.core.StandardEngine  : Starting Servlet engine: [Apache Tomcat/9.0.31]
2020-06-12 09:47:53.138  INFO 14300 --- [restartedMain] o.a.c.c.C.[Tomcat].[localhost].[/]       : Initializing Spring embedded WebApplicationContext
2020-06-12 09:47:53.138  INFO 14300 --- [restartedMain] o.s.web.context.ContextLoader            : Root WebApplicationContext: initialization completed in 4784 ms
2020-06-12 09:47:56.920  INFO 14300 --- [restartedMain] o.s.b.d.a.OptionalLiveReloadServer       : LiveReload server is running on port 35729
2020-06-12 09:47:57.014  INFO 14300 --- [restartedMain] pertySourcedRequestMappingHandlerMapping : Mapped URL path [/v2/api-docs] onto method [springfox.documentation.swagger2.web.Swagger2Controller#getDocumentation(String, HttpServletRequest)]
2020-06-12 09:47:57.621  INFO 14300 --- [restartedMain] d.s.w.p.DocumentationPluginsBootstrapper : Context refreshed
2020-06-12 09:47:57.652  INFO 14300 --- [restartedMain] d.s.w.p.DocumentationPluginsBootstrapper : Found 1 custom documentation plugin(s)
2020-06-12 09:47:57.699  INFO 14300 --- [restartedMain] s.d.s.w.s.ApiListingReferenceScanner     : Scanning for api listing references
2020-06-12 09:47:58.074  INFO 14300 --- [restartedMain] o.s.b.w.embedded.tomcat.TomcatWebServer  : Tomcat started on port(s): 8080 (http) with context path ''
2020-06-12 09:47:58.074  INFO 14300 --- [restartedMain] com.spring.register.RegisterApplication  : Started RegisterApplication in 11.467 seconds (JVM running for 16.394)
2020-06-12 09:48:02.811  INFO 14300 --- [http-nio-8080-exec-1] o.a.c.c.C.[Tomcat].[localhost].[/]       : Initializing Spring DispatcherServlet 'dispatcherServlet'
2020-06-12 09:48:02.812  INFO 14300 --- [http-nio-8080-exec-1] o.s.web.servlet.DispatcherServlet        : Initializing Servlet 'dispatcherServlet'
2020-06-12 09:48:02.831  INFO 14300 --- [http-nio-8080-exec-1] o.s.web.servlet.DispatcherServlet        : Completed initialization in 19 ms
2020-06-12 09:48:02.887  INFO 14300 --- [http-nio-8080-exec-1] com.spring.register.aspect.LogAspect     : Request:{url='http://localhost:8080/login', ip='0:0:0:0:0:0:0:1', classMethod='com.spring.register.controller.LoginController.login', args=[1, 1]}
2020-06-12 09:48:02.930  INFO 14300 --- [http-nio-8080-exec-1] com.zaxxer.hikari.HikariDataSource       : HikariPool-1 - Starting...
2020-06-12 09:48:03.243  INFO 14300 --- [http-nio-8080-exec-1] com.zaxxer.hikari.HikariDataSource       : HikariPool-1 - Start completed.
2020-06-12 09:48:03.290  INFO 14300 --- [http-nio-8080-exec-1] com.spring.register.aspect.LogAspect     : result:true
2020-06-12 10:02:35.167  INFO 14300 --- [http-nio-8080-exec-3] com.spring.register.aspect.LogAspect     : Request:{url='http://localhost:8080/login', ip='0:0:0:0:0:0:0:1', classMethod='com.spring.register.controller.LoginController.login', args=[1, 1]}
2020-06-12 10:02:35.174  INFO 14300 --- [http-nio-8080-exec-3] com.spring.register.aspect.LogAspect     : result:true
2020-06-12 14:11:18.497  INFO 2928 --- [restartedMain] com.spring.register.RegisterApplication  : Starting RegisterApplication on DESKTOP-9A82CKN with PID 2928 (E:\GIT\register\target\classes started by MH in E:\GIT\register)
2020-06-12 14:11:18.517  INFO 2928 --- [restartedMain] com.spring.register.RegisterApplication  : No active profile set, falling back to default profiles: default
2020-06-12 14:11:18.592  INFO 2928 --- [restartedMain] .e.DevToolsPropertyDefaultsPostProcessor : Devtools property defaults active! Set 'spring.devtools.add-properties' to 'false' to disable
2020-06-12 14:11:18.592  INFO 2928 --- [restartedMain] .e.DevToolsPropertyDefaultsPostProcessor : For additional web related logging consider setting the 'logging.level.web' property to 'DEBUG'
2020-06-12 14:11:22.265  INFO 2928 --- [restartedMain] o.s.b.w.embedded.tomcat.TomcatWebServer  : Tomcat initialized with port(s): 8080 (http)
2020-06-12 14:11:22.290  INFO 2928 --- [restartedMain] o.apache.catalina.core.StandardService   : Starting service [Tomcat]
2020-06-12 14:11:22.291  INFO 2928 --- [restartedMain] org.apache.catalina.core.StandardEngine  : Starting Servlet engine: [Apache Tomcat/9.0.31]
2020-06-12 14:11:22.464  INFO 2928 --- [restartedMain] o.a.c.c.C.[Tomcat].[localhost].[/]       : Initializing Spring embedded WebApplicationContext
2020-06-12 14:11:22.465  INFO 2928 --- [restartedMain] o.s.web.context.ContextLoader            : Root WebApplicationContext: initialization completed in 3873 ms
2020-06-12 14:11:23.920  INFO 2928 --- [restartedMain] o.s.b.d.a.OptionalLiveReloadServer       : LiveReload server is running on port 35729
2020-06-12 14:11:24.062  INFO 2928 --- [restartedMain] pertySourcedRequestMappingHandlerMapping : Mapped URL path [/v2/api-docs] onto method [springfox.documentation.swagger2.web.Swagger2Controller#getDocumentation(String, HttpServletRequest)]
2020-06-12 14:11:24.729  INFO 2928 --- [restartedMain] d.s.w.p.DocumentationPluginsBootstrapper : Context refreshed
2020-06-12 14:11:24.767  INFO 2928 --- [restartedMain] d.s.w.p.DocumentationPluginsBootstrapper : Found 1 custom documentation plugin(s)
2020-06-12 14:11:24.812  INFO 2928 --- [restartedMain] s.d.s.w.s.ApiListingReferenceScanner     : Scanning for api listing references
2020-06-12 14:11:25.067  INFO 2928 --- [restartedMain] o.s.b.w.embedded.tomcat.TomcatWebServer  : Tomcat started on port(s): 8080 (http) with context path ''
2020-06-12 14:11:25.071  INFO 2928 --- [restartedMain] com.spring.register.RegisterApplication  : Started RegisterApplication in 7.886 seconds (JVM running for 10.164)
2020-06-12 14:18:13.657  INFO 2928 --- [http-nio-8080-exec-1] o.a.c.c.C.[Tomcat].[localhost].[/]       : Initializing Spring DispatcherServlet 'dispatcherServlet'
2020-06-12 14:18:13.658  INFO 2928 --- [http-nio-8080-exec-1] o.s.web.servlet.DispatcherServlet        : Initializing Servlet 'dispatcherServlet'
2020-06-12 14:18:13.689  INFO 2928 --- [http-nio-8080-exec-1] o.s.web.servlet.DispatcherServlet        : Completed initialization in 30 ms
2020-06-12 14:18:13.788  INFO 2928 --- [http-nio-8080-exec-1] com.spring.register.aspect.LogAspect     : Request:{url='http://localhost:8080/login', ip='0:0:0:0:0:0:0:1', classMethod='com.spring.register.controller.LoginController.login', args=[1, 1]}
2020-06-12 14:18:13.846  INFO 2928 --- [http-nio-8080-exec-1] com.zaxxer.hikari.HikariDataSource       : HikariPool-1 - Starting...
2020-06-12 14:18:14.380  INFO 2928 --- [http-nio-8080-exec-1] com.zaxxer.hikari.HikariDataSource       : HikariPool-1 - Start completed.
2020-06-12 14:18:14.556  INFO 2928 --- [http-nio-8080-exec-1] com.spring.register.aspect.LogAspect     : result:true
2020-06-12 14:53:25.942  INFO 2928 --- [http-nio-8080-exec-3] com.spring.register.aspect.LogAspect     : Request:{url='http://localhost:8080/login', ip='0:0:0:0:0:0:0:1', classMethod='com.spring.register.controller.LoginController.login', args=[1, 1]}
2020-06-12 14:53:25.950  INFO 2928 --- [http-nio-8080-exec-3] com.spring.register.aspect.LogAspect     : result:true
2020-06-12 16:03:08.774  INFO 2928 --- [http-nio-8080-exec-5] com.spring.register.aspect.LogAspect     : Request:{url='http://localhost:8080/login', ip='0:0:0:0:0:0:0:1', classMethod='com.spring.register.controller.LoginController.login', args=[1, 1]}
2020-06-12 16:03:08.782  INFO 2928 --- [http-nio-8080-exec-5] com.spring.register.aspect.LogAspect     : result:true
2020-06-12 16:06:00.632  INFO 2928 --- [http-nio-8080-exec-7] com.spring.register.aspect.LogAspect     : Request:{url='http://localhost:8080/login', ip='0:0:0:0:0:0:0:1', classMethod='com.spring.register.controller.LoginController.login', args=[1, 1]}
2020-06-12 16:06:00.636  INFO 2928 --- [http-nio-8080-exec-7] com.spring.register.aspect.LogAspect     : result:true
2020-06-12 16:09:06.896  INFO 2928 --- [http-nio-8080-exec-9] com.spring.register.aspect.LogAspect     : Request:{url='http://localhost:8080/login', ip='0:0:0:0:0:0:0:1', classMethod='com.spring.register.controller.LoginController.login', args=[1, 1]}
2020-06-12 16:09:06.898  INFO 2928 --- [http-nio-8080-exec-9] com.spring.register.aspect.LogAspect     : result:true
2020-06-12 16:15:23.168  INFO 2928 --- [http-nio-8080-exec-1] com.spring.register.aspect.LogAspect     : Request:{url='http://localhost:8080/login', ip='0:0:0:0:0:0:0:1', classMethod='com.spring.register.controller.LoginController.login', args=[1, 1]}
2020-06-12 16:15:23.171  INFO 2928 --- [http-nio-8080-exec-1] com.spring.register.aspect.LogAspect     : result:true
2020-06-12 16:25:35.202  INFO 2928 --- [http-nio-8080-exec-3] com.spring.register.aspect.LogAspect     : Request:{url='http://localhost:8080/login', ip='0:0:0:0:0:0:0:1', classMethod='com.spring.register.controller.LoginController.login', args=[1, 111]}
2020-06-12 16:25:35.206  INFO 2928 --- [http-nio-8080-exec-3] com.spring.register.aspect.LogAspect     : result:false
